[debug] [2020-04-16T10:09:43.302Z] ----------------------------------------------------------------------
[debug] [2020-04-16T10:09:43.306Z] Command:       C:\Program Files\nodejs\node.exe C:\Users\wkkl2\AppData\Roaming\npm\node_modules\firebase-tools\lib\bin\firebase.js serve --only hosting
[debug] [2020-04-16T10:09:43.306Z] CLI Version:   8.0.3
[debug] [2020-04-16T10:09:43.306Z] Platform:      win32
[debug] [2020-04-16T10:09:43.306Z] Node Version:  v12.16.1
[debug] [2020-04-16T10:09:43.308Z] Time:          Thu Apr 16 2020 19:09:43 GMT+0900 (GMT+09:00)
[debug] [2020-04-16T10:09:43.308Z] ----------------------------------------------------------------------
[debug] [2020-04-16T10:09:43.308Z] 
[debug] [2020-04-16T10:09:43.320Z] > command requires scopes: ["email","openid","https://www.googleapis.com/auth/cloudplatformprojects.readonly","https://www.googleapis.com/auth/firebase","https://www.googleapis.com/auth/cloud-platform"]
[debug] [2020-04-16T10:09:43.321Z] > authorizing via signed-in user
[debug] [2020-04-16T10:09:43.321Z] [iam] checking project skhu-ljh0605 for permissions ["firebase.projects.get"]
[debug] [2020-04-16T10:09:43.326Z] >>> HTTP REQUEST POST https://cloudresourcemanager.googleapis.com/v1/projects/skhu-ljh0605:testIamPermissions  
 {"permissions":["firebase.projects.get"]}
[debug] [2020-04-16T10:09:44.566Z] <<< HTTP RESPONSE 200 {"content-type":"application/json; charset=UTF-8","vary":"X-Origin, Referer, Origin,Accept-Encoding","date":"Thu, 16 Apr 2020 10:09:41 GMT","server":"ESF","cache-control":"private","x-xss-protection":"0","x-frame-options":"SAMEORIGIN","x-content-type-options":"nosniff","server-timing":"gfet4t7; dur=687","alt-svc":"quic=\":443\"; ma=2592000; v=\"46,43\",h3-Q050=\":443\"; ma=2592000,h3-Q049=\":443\"; ma=2592000,h3-Q048=\":443\"; ma=2592000,h3-Q046=\":443\"; ma=2592000,h3-Q043=\":443\"; ma=2592000,h3-T050=\":443\"; ma=2592000","accept-ranges":"none","transfer-encoding":"chunked"}
[debug] [2020-04-16T10:09:44.568Z] >>> HTTP REQUEST GET https://firebase.googleapis.com/v1beta1/projects/skhu-ljh0605  
 
[debug] [2020-04-16T10:09:46.200Z] <<< HTTP RESPONSE 200 {"content-type":"application/json; charset=UTF-8","vary":"X-Origin, Referer, Origin,Accept-Encoding","date":"Thu, 16 Apr 2020 10:09:43 GMT","server":"ESF","cache-control":"private","x-xss-protection":"0","x-frame-options":"SAMEORIGIN","x-content-type-options":"nosniff","alt-svc":"quic=\":443\"; ma=2592000; v=\"46,43\",h3-Q050=\":443\"; ma=2592000,h3-Q049=\":443\"; ma=2592000,h3-Q048=\":443\"; ma=2592000,h3-Q046=\":443\"; ma=2592000,h3-Q043=\":443\"; ma=2592000,h3-T050=\":443\"; ma=2592000","accept-ranges":"none","transfer-encoding":"chunked"}
[debug] [2020-04-16T10:09:46.203Z] >>> HTTP REQUEST GET https://firebase.googleapis.com/v1beta1/projects/skhu-ljh0605/webApps/-/config  
 
[debug] [2020-04-16T10:09:47.917Z] <<< HTTP RESPONSE 200 {"content-type":"application/json; charset=UTF-8","vary":"X-Origin, Referer, Origin,Accept-Encoding","date":"Thu, 16 Apr 2020 10:09:45 GMT","server":"ESF","cache-control":"private","x-xss-protection":"0","x-frame-options":"SAMEORIGIN","x-content-type-options":"nosniff","alt-svc":"quic=\":443\"; ma=2592000; v=\"46,43\",h3-Q050=\":443\"; ma=2592000,h3-Q049=\":443\"; ma=2592000,h3-Q048=\":443\"; ma=2592000,h3-Q046=\":443\"; ma=2592000,h3-Q043=\":443\"; ma=2592000,h3-T050=\":443\"; ma=2592000","accept-ranges":"none","transfer-encoding":"chunked"}
[info] i  hosting: Serving hosting files from: public
[info] +  hosting: Local server: http://localhost:5000
